<?xml version="1.0" encoding="UTF-8"?>
<!-- Generated by org.testng.reporters.JUnitReportReporter -->
<testsuite hostname="Rohan-PC" name="Academy.ValidateTitle" tests="1" failures="0" timestamp="14 May 2020 00:12:23 GMT" time="0.886" errors="0">
  <testcase name="baseNavigation" time="0.886" classname="Academy.ValidateTitle"/>
</testsuite> <!-- Academy.ValidateTitle -->
