<?xml version="1.0" encoding="UTF-8"?>
<!-- Generated by org.testng.reporters.JUnitReportReporter -->
<testsuite hostname="Rohan-PC" name="Academy.TestUserWithDataProvide" tests="2" failures="0" timestamp="13 May 2020 23:03:32 GMT" time="39.307" errors="0">
  <testcase name="baseNavigation" time="25.382" classname="Academy.TestUserWithDataProvide"/>
  <testcase name="baseNavigation" time="13.925" classname="Academy.TestUserWithDataProvide"/>
</testsuite> <!-- Academy.TestUserWithDataProvide -->
