<?xml version="1.0" encoding="UTF-8"?>
<!-- Generated by org.testng.reporters.JUnitReportReporter -->
<testsuite hostname="Rohan-PC" name="Academy.HomePage" tests="1" failures="0" timestamp="13 May 2020 23:03:32 GMT" time="26.343" errors="0">
  <testcase name="baseNavigation" time="26.343" classname="Academy.HomePage"/>
</testsuite> <!-- Academy.HomePage -->
